{"uid":"3a112510d8c6f231","name":"TC001-User able to login into QuickBase application","fullName":"testCases.test_Table.TestHome#test_login_QuickBase","historyId":"bbc0f531c3b9ca45922e5f6e8c4c0546","time":{"start":1760502914868,"stop":1760502931486,"duration":16618},"status":"failed","statusMessage":"AssertionError: Validation failed: Expected Simple Project Manager, got Project Manager Home","statusTrace":"self = <testCases.test_Table.TestHome object at 0x7f4923438350>\n\n    @allure.title(\"TC001-User able to login into QuickBase application\")\n    def test_login_QuickBase(self):\n>       LoginPage(self.page).login_into_quickbase()\n\ntestCases/test_Table.py:11: \n_ _ _ _ _ _ _ _ _ _ _ _ _ _ _ _ _ _ _ _ _ _ _ _ _ _ _ _ _ _ _ _ _ _ _ _ _ _ _ _ \npageObjects/login_page.py:50: in login_into_quickbase\n    self.validation(self.page.title(), \"Simple Project Manager\")\npageObjects/BasePage.py:82: in validation\n    raise e\n_ _ _ _ _ _ _ _ _ _ _ _ _ _ _ _ _ _ _ _ _ _ _ _ _ _ _ _ _ _ _ _ _ _ _ _ _ _ _ _ \n\nself = <pageObjects.login_page.LoginPage object at 0x7f49221d2210>\nactual = 'Project Manager Home', expected = 'Simple Project Manager'\n\n    @allure.step(\"Validate condition\")\n    def validation(self, actual, expected):\n        \"\"\"Generic assertion with Allure log.\"\"\"\n        with allure.step(f\"Validating: expected='{expected}', actual='{actual}'\"):\n            try:\n>               assert expected in actual, f\"Validation failed: Expected {expected}, got {actual}\"\n                       ^^^^^^^^^^^^^^^^^^\nE               AssertionError: Validation failed: Expected Simple Project Manager, got Project Manager Home\n\npageObjects/BasePage.py:80: AssertionError","flaky":false,"newFailed":false,"newBroken":false,"newPassed":false,"retriesCount":0,"retriesStatusChange":false,"beforeStages":[{"name":"pytestconfig","time":{"start":1760502913375,"stop":1760502913375,"duration":0},"status":"passed","steps":[],"attachments":[],"parameters":[],"stepsCount":0,"attachmentsCount":0,"shouldDisplayMessage":false,"hasContent":false},{"name":"_verify_url","time":{"start":1760502913375,"stop":1760502913375,"duration":0},"status":"passed","steps":[],"attachments":[],"parameters":[],"stepsCount":0,"attachmentsCount":0,"shouldDisplayMessage":false,"hasContent":false},{"name":"base_url","time":{"start":1760502913375,"stop":1760502913375,"duration":0},"status":"passed","steps":[],"attachments":[],"parameters":[],"stepsCount":0,"attachmentsCount":0,"shouldDisplayMessage":false,"hasContent":false},{"name":"setup_and_teardown","time":{"start":1760502913375,"stop":1760502914867,"duration":1492},"status":"passed","steps":[],"attachments":[],"parameters":[],"stepsCount":0,"attachmentsCount":0,"shouldDisplayMessage":false,"hasContent":false},{"name":"delete_output_dir","time":{"start":1760502913375,"stop":1760502913375,"duration":0},"status":"passed","steps":[],"attachments":[],"parameters":[],"stepsCount":0,"attachmentsCount":0,"shouldDisplayMessage":false,"hasContent":false},{"name":"log_on_failure","time":{"start":1760502914868,"stop":1760502914868,"duration":0},"status":"passed","steps":[],"attachments":[],"parameters":[],"stepsCount":0,"attachmentsCount":0,"shouldDisplayMessage":false,"hasContent":false}],"testStage":{"status":"failed","statusMessage":"AssertionError: Validation failed: Expected Simple Project Manager, got Project Manager Home","statusTrace":"self = <testCases.test_Table.TestHome object at 0x7f4923438350>\n\n    @allure.title(\"TC001-User able to login into QuickBase application\")\n    def test_login_QuickBase(self):\n>       LoginPage(self.page).login_into_quickbase()\n\ntestCases/test_Table.py:11: \n_ _ _ _ _ _ _ _ _ _ _ _ _ _ _ _ _ _ _ _ _ _ _ _ _ _ _ _ _ _ _ _ _ _ _ _ _ _ _ _ \npageObjects/login_page.py:50: in login_into_quickbase\n    self.validation(self.page.title(), \"Simple Project Manager\")\npageObjects/BasePage.py:82: in validation\n    raise e\n_ _ _ _ _ _ _ _ _ _ _ _ _ _ _ _ _ _ _ _ _ _ _ _ _ _ _ _ _ _ _ _ _ _ _ _ _ _ _ _ \n\nself = <pageObjects.login_page.LoginPage object at 0x7f49221d2210>\nactual = 'Project Manager Home', expected = 'Simple Project Manager'\n\n    @allure.step(\"Validate condition\")\n    def validation(self, actual, expected):\n        \"\"\"Generic assertion with Allure log.\"\"\"\n        with allure.step(f\"Validating: expected='{expected}', actual='{actual}'\"):\n            try:\n>               assert expected in actual, f\"Validation failed: Expected {expected}, got {actual}\"\n                       ^^^^^^^^^^^^^^^^^^\nE               AssertionError: Validation failed: Expected Simple Project Manager, got Project Manager Home\n\npageObjects/BasePage.py:80: AssertionError","steps":[{"name":"Login into QuickBase application","time":{"start":1760502914869,"stop":1760502931486,"duration":16617},"status":"failed","statusMessage":"AssertionError: Validation failed: Expected Simple Project Manager, got Project Manager Home\n","statusTrace":"  File \"/opt/hostedtoolcache/Python/3.11.13/x64/lib/python3.11/site-packages/allure_commons/_allure.py\", line 202, in impl\n    return func(*a, **kw)\n           ^^^^^^^^^^^^^^\n  File \"/home/runner/work/quickBase/quickBase/pageObjects/login_page.py\", line 50, in login_into_quickbase\n    self.validation(self.page.title(), \"Simple Project Manager\")\n  File \"/opt/hostedtoolcache/Python/3.11.13/x64/lib/python3.11/site-packages/allure_commons/_allure.py\", line 202, in impl\n    return func(*a, **kw)\n           ^^^^^^^^^^^^^^\n  File \"/home/runner/work/quickBase/quickBase/pageObjects/BasePage.py\", line 82, in validation\n    raise e\n  File \"/home/runner/work/quickBase/quickBase/pageObjects/BasePage.py\", line 80, in validation\n    assert expected in actual, f\"Validation failed: Expected {expected}, got {actual}\"\n           ^^^^^^^^^^^^^^^^^^\n","steps":[{"name":"Navigating to https://team.quickbase.com/nav/app/bvhcuf7ef/action/appoverview/4a037ed7-41fa-4f7b-98e4-19e436c73066","time":{"start":1760502914869,"stop":1760502916757,"duration":1888},"status":"passed","steps":[],"attachments":[],"parameters":[],"stepsCount":0,"attachmentsCount":0,"shouldDisplayMessage":false,"hasContent":false},{"name":"Click on element - Quickbase SSO Signin","time":{"start":1760502916779,"stop":1760502917320,"duration":541},"status":"passed","steps":[],"attachments":[],"parameters":[],"stepsCount":0,"attachmentsCount":0,"shouldDisplayMessage":false,"hasContent":false},{"name":"Type value 'arunagowda984@gmail.com' into Username input field","time":{"start":1760502917320,"stop":1760502917836,"duration":516},"status":"passed","steps":[],"attachments":[],"parameters":[],"stepsCount":0,"attachmentsCount":0,"shouldDisplayMessage":false,"hasContent":false},{"name":"Type value '********' into Password input field","time":{"start":1760502917836,"stop":1760502918351,"duration":515},"status":"passed","steps":[],"attachments":[],"parameters":[],"stepsCount":0,"attachmentsCount":0,"shouldDisplayMessage":false,"hasContent":false},{"name":"Click on element - Sign In Button","time":{"start":1760502918351,"stop":1760502919170,"duration":819},"status":"passed","steps":[],"attachments":[],"parameters":[],"stepsCount":0,"attachmentsCount":0,"shouldDisplayMessage":false,"hasContent":false},{"name":"Type value 'BY8Q8C' into Verification Code input field","time":{"start":1760502924898,"stop":1760502925425,"duration":527},"status":"passed","steps":[],"attachments":[],"parameters":[],"stepsCount":0,"attachmentsCount":0,"shouldDisplayMessage":false,"hasContent":false},{"name":"Click on element - Sign In Button","time":{"start":1760502925425,"stop":1760502926480,"duration":1055},"status":"passed","steps":[],"attachments":[],"parameters":[],"stepsCount":0,"attachmentsCount":0,"shouldDisplayMessage":false,"hasContent":false},{"name":"Validate condition","time":{"start":1760502931486,"stop":1760502931486,"duration":0},"status":"failed","statusMessage":"AssertionError: Validation failed: Expected Simple Project Manager, got Project Manager Home\n","statusTrace":"  File \"/opt/hostedtoolcache/Python/3.11.13/x64/lib/python3.11/site-packages/allure_commons/_allure.py\", line 202, in impl\n    return func(*a, **kw)\n           ^^^^^^^^^^^^^^\n  File \"/home/runner/work/quickBase/quickBase/pageObjects/BasePage.py\", line 82, in validation\n    raise e\n  File \"/home/runner/work/quickBase/quickBase/pageObjects/BasePage.py\", line 80, in validation\n    assert expected in actual, f\"Validation failed: Expected {expected}, got {actual}\"\n           ^^^^^^^^^^^^^^^^^^\n","steps":[{"name":"Validating: expected='Simple Project Manager', actual='Project Manager Home'","time":{"start":1760502931486,"stop":1760502931486,"duration":0},"status":"failed","statusMessage":"AssertionError: Validation failed: Expected Simple Project Manager, got Project Manager Home\n","statusTrace":"  File \"/home/runner/work/quickBase/quickBase/pageObjects/BasePage.py\", line 82, in validation\n    raise e\n  File \"/home/runner/work/quickBase/quickBase/pageObjects/BasePage.py\", line 80, in validation\n    assert expected in actual, f\"Validation failed: Expected {expected}, got {actual}\"\n           ^^^^^^^^^^^^^^^^^^\n","steps":[],"attachments":[],"parameters":[],"stepsCount":0,"attachmentsCount":0,"shouldDisplayMessage":true,"hasContent":true}],"attachments":[],"parameters":[{"name":"actual","value":"'Project Manager Home'"},{"name":"expected","value":"'Simple Project Manager'"}],"stepsCount":1,"attachmentsCount":0,"shouldDisplayMessage":false,"hasContent":true}],"attachments":[],"parameters":[],"stepsCount":9,"attachmentsCount":0,"shouldDisplayMessage":false,"hasContent":true}],"attachments":[],"parameters":[],"stepsCount":10,"attachmentsCount":0,"shouldDisplayMessage":true,"hasContent":true},"afterStages":[{"name":"log_on_failure::0","time":{"start":1760502931512,"stop":1760502931576,"duration":64},"status":"passed","steps":[],"attachments":[{"uid":"f3c45338781cafe4","name":"failed_test","source":"f3c45338781cafe4.png","type":"image/png","size":116043}],"parameters":[],"stepsCount":0,"attachmentsCount":1,"shouldDisplayMessage":false,"hasContent":true},{"name":"setup_and_teardown::0","time":{"start":1760503098354,"stop":1760503098403,"duration":49},"status":"passed","steps":[],"attachments":[],"parameters":[],"stepsCount":0,"attachmentsCount":0,"shouldDisplayMessage":false,"hasContent":false}],"labels":[{"name":"parentSuite","value":"testCases"},{"name":"suite","value":"test_Table"},{"name":"subSuite","value":"TestHome"},{"name":"host","value":"runnervmwhb2z"},{"name":"thread","value":"3583-MainThread"},{"name":"framework","value":"pytest"},{"name":"language","value":"cpython3"},{"name":"package","value":"testCases.test_Table"},{"name":"resultFormat","value":"allure2"}],"parameters":[],"links":[],"hidden":true,"retry":true,"extra":{"categories":[],"tags":[]},"source":"3a112510d8c6f231.json","parameterValues":[]}