{"uid":"baeb2dbb23ae74f2","name":"User able to login into QuickBase application","fullName":"testCases.test_login.TestHome#test_login_QuickBase","historyId":"21595260a12447d8b9a29b8affc045ee","time":{"start":1760722989120,"stop":1760723010170,"duration":21050},"status":"failed","statusMessage":"AssertionError: Validation failed: Expected Simple Project Manager, got Project Manager Home","statusTrace":"self = <testCases.test_login.TestHome object at 0x7f2c4c9cc390>\n\n    @allure.title(\"User able to login into QuickBase application\")\n    def test_login_QuickBase(self):\n>       LoginPage(self.page).login_into_quickbase()\n\ntestCases/test_login.py:10: \n_ _ _ _ _ _ _ _ _ _ _ _ _ _ _ _ _ _ _ _ _ _ _ _ _ _ _ _ _ _ _ _ _ _ _ _ _ _ _ _ \npageObjects/login_page.py:52: in login_into_quickbase\n    self.validation(self.page.title(), \"Simple Project Manager\")\npageObjects/BasePage.py:82: in validation\n    raise e\n_ _ _ _ _ _ _ _ _ _ _ _ _ _ _ _ _ _ _ _ _ _ _ _ _ _ _ _ _ _ _ _ _ _ _ _ _ _ _ _ \n\nself = <pageObjects.login_page.LoginPage object at 0x7f2c4b4b1010>\nactual = 'Project Manager Home', expected = 'Simple Project Manager'\n\n    @allure.step(\"Validate condition\")\n    def validation(self, actual, expected):\n        \"\"\"Generic assertion with Allure log.\"\"\"\n        with allure.step(f\"Validating: expected='{expected}', actual='{actual}'\"):\n            try:\n>               assert expected in actual, f\"Validation failed: Expected {expected}, got {actual}\"\n                       ^^^^^^^^^^^^^^^^^^\nE               AssertionError: Validation failed: Expected Simple Project Manager, got Project Manager Home\n\npageObjects/BasePage.py:80: AssertionError","flaky":false,"newFailed":false,"newBroken":false,"newPassed":false,"retriesCount":0,"retriesStatusChange":false,"beforeStages":[{"name":"delete_output_dir","time":{"start":1760722943811,"stop":1760722943811,"duration":0},"status":"passed","steps":[],"attachments":[],"parameters":[],"stepsCount":0,"attachmentsCount":0,"shouldDisplayMessage":false,"hasContent":false},{"name":"pytestconfig","time":{"start":1760722943811,"stop":1760722943811,"duration":0},"status":"passed","steps":[],"attachments":[],"parameters":[],"stepsCount":0,"attachmentsCount":0,"shouldDisplayMessage":false,"hasContent":false},{"name":"_verify_url","time":{"start":1760722943811,"stop":1760722943811,"duration":0},"status":"passed","steps":[],"attachments":[],"parameters":[],"stepsCount":0,"attachmentsCount":0,"shouldDisplayMessage":false,"hasContent":false},{"name":"base_url","time":{"start":1760722943811,"stop":1760722943811,"duration":0},"status":"passed","steps":[],"attachments":[],"parameters":[],"stepsCount":0,"attachmentsCount":0,"shouldDisplayMessage":false,"hasContent":false},{"name":"setup_and_teardown","time":{"start":1760722988731,"stop":1760722989119,"duration":388},"status":"passed","steps":[],"attachments":[],"parameters":[],"stepsCount":0,"attachmentsCount":0,"shouldDisplayMessage":false,"hasContent":false},{"name":"log_on_failure","time":{"start":1760722989119,"stop":1760722989119,"duration":0},"status":"passed","steps":[],"attachments":[],"parameters":[],"stepsCount":0,"attachmentsCount":0,"shouldDisplayMessage":false,"hasContent":false}],"testStage":{"status":"failed","statusMessage":"AssertionError: Validation failed: Expected Simple Project Manager, got Project Manager Home","statusTrace":"self = <testCases.test_login.TestHome object at 0x7f2c4c9cc390>\n\n    @allure.title(\"User able to login into QuickBase application\")\n    def test_login_QuickBase(self):\n>       LoginPage(self.page).login_into_quickbase()\n\ntestCases/test_login.py:10: \n_ _ _ _ _ _ _ _ _ _ _ _ _ _ _ _ _ _ _ _ _ _ _ _ _ _ _ _ _ _ _ _ _ _ _ _ _ _ _ _ \npageObjects/login_page.py:52: in login_into_quickbase\n    self.validation(self.page.title(), \"Simple Project Manager\")\npageObjects/BasePage.py:82: in validation\n    raise e\n_ _ _ _ _ _ _ _ _ _ _ _ _ _ _ _ _ _ _ _ _ _ _ _ _ _ _ _ _ _ _ _ _ _ _ _ _ _ _ _ \n\nself = <pageObjects.login_page.LoginPage object at 0x7f2c4b4b1010>\nactual = 'Project Manager Home', expected = 'Simple Project Manager'\n\n    @allure.step(\"Validate condition\")\n    def validation(self, actual, expected):\n        \"\"\"Generic assertion with Allure log.\"\"\"\n        with allure.step(f\"Validating: expected='{expected}', actual='{actual}'\"):\n            try:\n>               assert expected in actual, f\"Validation failed: Expected {expected}, got {actual}\"\n                       ^^^^^^^^^^^^^^^^^^\nE               AssertionError: Validation failed: Expected Simple Project Manager, got Project Manager Home\n\npageObjects/BasePage.py:80: AssertionError","steps":[{"name":"Login into QuickBase application","time":{"start":1760722989120,"stop":1760723010170,"duration":21050},"status":"failed","statusMessage":"AssertionError: Validation failed: Expected Simple Project Manager, got Project Manager Home\n","statusTrace":"  File \"/opt/hostedtoolcache/Python/3.11.13/x64/lib/python3.11/site-packages/allure_commons/_allure.py\", line 202, in impl\n    return func(*a, **kw)\n           ^^^^^^^^^^^^^^\n  File \"/home/runner/work/quickBase/quickBase/pageObjects/login_page.py\", line 52, in login_into_quickbase\n    self.validation(self.page.title(), \"Simple Project Manager\")\n  File \"/opt/hostedtoolcache/Python/3.11.13/x64/lib/python3.11/site-packages/allure_commons/_allure.py\", line 202, in impl\n    return func(*a, **kw)\n           ^^^^^^^^^^^^^^\n  File \"/home/runner/work/quickBase/quickBase/pageObjects/BasePage.py\", line 82, in validation\n    raise e\n  File \"/home/runner/work/quickBase/quickBase/pageObjects/BasePage.py\", line 80, in validation\n    assert expected in actual, f\"Validation failed: Expected {expected}, got {actual}\"\n           ^^^^^^^^^^^^^^^^^^\n","steps":[{"name":"Navigating to https://team.quickbase.com/nav/app/bvhcuf7ef/action/appoverview/4a037ed7-41fa-4f7b-98e4-19e436c73066","time":{"start":1760722989120,"stop":1760722990667,"duration":1547},"status":"passed","steps":[],"attachments":[],"parameters":[],"stepsCount":0,"attachmentsCount":0,"shouldDisplayMessage":false,"hasContent":false},{"name":"Click on element - Quickbase SSO Signin","time":{"start":1760722990690,"stop":1760722991230,"duration":540},"status":"passed","steps":[],"attachments":[],"parameters":[],"stepsCount":0,"attachmentsCount":0,"shouldDisplayMessage":false,"hasContent":false},{"name":"Type value 'arunagowda984@gmail.com' into Username input field","time":{"start":1760722991230,"stop":1760722991747,"duration":517},"status":"passed","steps":[],"attachments":[],"parameters":[],"stepsCount":0,"attachmentsCount":0,"shouldDisplayMessage":false,"hasContent":false},{"name":"Type value '********' into Password input field","time":{"start":1760722991747,"stop":1760722992261,"duration":514},"status":"passed","steps":[],"attachments":[],"parameters":[],"stepsCount":0,"attachmentsCount":0,"shouldDisplayMessage":false,"hasContent":false},{"name":"Click on element - Sign In Button","time":{"start":1760722992261,"stop":1760722993090,"duration":829},"status":"passed","steps":[],"attachments":[],"parameters":[],"stepsCount":0,"attachmentsCount":0,"shouldDisplayMessage":false,"hasContent":false},{"name":"Type value 'BDJXGZ' into Verification Code input field","time":{"start":1760723003573,"stop":1760723004102,"duration":529},"status":"passed","steps":[],"attachments":[],"parameters":[],"stepsCount":0,"attachmentsCount":0,"shouldDisplayMessage":false,"hasContent":false},{"name":"Click on element - Sign In Button","time":{"start":1760723004102,"stop":1760723005164,"duration":1062},"status":"passed","steps":[],"attachments":[],"parameters":[],"stepsCount":0,"attachmentsCount":0,"shouldDisplayMessage":false,"hasContent":false},{"name":"Validate condition","time":{"start":1760723010169,"stop":1760723010169,"duration":0},"status":"failed","statusMessage":"AssertionError: Validation failed: Expected Simple Project Manager, got Project Manager Home\n","statusTrace":"  File \"/opt/hostedtoolcache/Python/3.11.13/x64/lib/python3.11/site-packages/allure_commons/_allure.py\", line 202, in impl\n    return func(*a, **kw)\n           ^^^^^^^^^^^^^^\n  File \"/home/runner/work/quickBase/quickBase/pageObjects/BasePage.py\", line 82, in validation\n    raise e\n  File \"/home/runner/work/quickBase/quickBase/pageObjects/BasePage.py\", line 80, in validation\n    assert expected in actual, f\"Validation failed: Expected {expected}, got {actual}\"\n           ^^^^^^^^^^^^^^^^^^\n","steps":[{"name":"Validating: expected='Simple Project Manager', actual='Project Manager Home'","time":{"start":1760723010169,"stop":1760723010169,"duration":0},"status":"failed","statusMessage":"AssertionError: Validation failed: Expected Simple Project Manager, got Project Manager Home\n","statusTrace":"  File \"/home/runner/work/quickBase/quickBase/pageObjects/BasePage.py\", line 82, in validation\n    raise e\n  File \"/home/runner/work/quickBase/quickBase/pageObjects/BasePage.py\", line 80, in validation\n    assert expected in actual, f\"Validation failed: Expected {expected}, got {actual}\"\n           ^^^^^^^^^^^^^^^^^^\n","steps":[],"attachments":[],"parameters":[],"stepsCount":0,"attachmentsCount":0,"shouldDisplayMessage":true,"hasContent":true}],"attachments":[],"parameters":[{"name":"actual","value":"'Project Manager Home'"},{"name":"expected","value":"'Simple Project Manager'"}],"stepsCount":1,"attachmentsCount":0,"shouldDisplayMessage":false,"hasContent":true}],"attachments":[],"parameters":[],"stepsCount":9,"attachmentsCount":0,"shouldDisplayMessage":false,"hasContent":true}],"attachments":[],"parameters":[],"stepsCount":10,"attachmentsCount":0,"shouldDisplayMessage":true,"hasContent":true},"afterStages":[{"name":"log_on_failure::0","time":{"start":1760723010177,"stop":1760723010253,"duration":76},"status":"passed","steps":[],"attachments":[{"uid":"84a2d2e8b1ec6b81","name":"failed_test","source":"84a2d2e8b1ec6b81.png","type":"image/png","size":111719}],"parameters":[],"stepsCount":0,"attachmentsCount":1,"shouldDisplayMessage":false,"hasContent":true},{"name":"setup_and_teardown::0","time":{"start":1760723010253,"stop":1760723010310,"duration":57},"status":"passed","steps":[],"attachments":[],"parameters":[],"stepsCount":0,"attachmentsCount":0,"shouldDisplayMessage":false,"hasContent":false}],"labels":[{"name":"parentSuite","value":"testCases"},{"name":"suite","value":"test_login"},{"name":"subSuite","value":"TestHome"},{"name":"host","value":"runnervmwhb2z"},{"name":"thread","value":"3058-MainThread"},{"name":"framework","value":"pytest"},{"name":"language","value":"cpython3"},{"name":"package","value":"testCases.test_login"},{"name":"resultFormat","value":"allure2"}],"parameters":[],"links":[],"hidden":false,"retry":false,"extra":{"severity":"normal","retries":[],"categories":[{"name":"Product defects","matchedStatuses":[],"flaky":false}],"tags":[]},"source":"baeb2dbb23ae74f2.json","parameterValues":[]}