{"uid":"d4687d0cd3d360b6","name":"TC001-User able to login into QuickBase application","fullName":"testCases.test_Table.TestHome#test_login_QuickBase","historyId":"bbc0f531c3b9ca45922e5f6e8c4c0546","time":{"start":1760533485326,"stop":1760533501904,"duration":16578},"status":"failed","statusMessage":"AssertionError: Validation failed: Expected Simple Project Manager, got Project Manager Home","statusTrace":"self = <testCases.test_Table.TestHome object at 0x7f17aff3d5d0>\n\n    @allure.title(\"TC001-User able to login into QuickBase application\")\n    def test_login_QuickBase(self):\n>       LoginPage(self.page).login_into_quickbase()\n\ntestCases/test_Table.py:11: \n_ _ _ _ _ _ _ _ _ _ _ _ _ _ _ _ _ _ _ _ _ _ _ _ _ _ _ _ _ _ _ _ _ _ _ _ _ _ _ _ \npageObjects/login_page.py:50: in login_into_quickbase\n    self.validation(self.page.title(), \"Simple Project Manager\")\npageObjects/BasePage.py:82: in validation\n    raise e\n_ _ _ _ _ _ _ _ _ _ _ _ _ _ _ _ _ _ _ _ _ _ _ _ _ _ _ _ _ _ _ _ _ _ _ _ _ _ _ _ \n\nself = <pageObjects.login_page.LoginPage object at 0x7f17aecc9a10>\nactual = 'Project Manager Home', expected = 'Simple Project Manager'\n\n    @allure.step(\"Validate condition\")\n    def validation(self, actual, expected):\n        \"\"\"Generic assertion with Allure log.\"\"\"\n        with allure.step(f\"Validating: expected='{expected}', actual='{actual}'\"):\n            try:\n>               assert expected in actual, f\"Validation failed: Expected {expected}, got {actual}\"\n                       ^^^^^^^^^^^^^^^^^^\nE               AssertionError: Validation failed: Expected Simple Project Manager, got Project Manager Home\n\npageObjects/BasePage.py:80: AssertionError","flaky":false,"newFailed":false,"newBroken":false,"newPassed":false,"retriesCount":0,"retriesStatusChange":false,"beforeStages":[{"name":"_verify_url","time":{"start":1760533483120,"stop":1760533483120,"duration":0},"status":"passed","steps":[],"attachments":[],"parameters":[],"stepsCount":0,"attachmentsCount":0,"shouldDisplayMessage":false,"hasContent":false},{"name":"base_url","time":{"start":1760533483120,"stop":1760533483120,"duration":0},"status":"passed","steps":[],"attachments":[],"parameters":[],"stepsCount":0,"attachmentsCount":0,"shouldDisplayMessage":false,"hasContent":false},{"name":"setup_and_teardown","time":{"start":1760533483121,"stop":1760533485325,"duration":2204},"status":"passed","steps":[],"attachments":[],"parameters":[],"stepsCount":0,"attachmentsCount":0,"shouldDisplayMessage":false,"hasContent":false},{"name":"delete_output_dir","time":{"start":1760533483121,"stop":1760533483121,"duration":0},"status":"passed","steps":[],"attachments":[],"parameters":[],"stepsCount":0,"attachmentsCount":0,"shouldDisplayMessage":false,"hasContent":false},{"name":"pytestconfig","time":{"start":1760533483121,"stop":1760533483121,"duration":0},"status":"passed","steps":[],"attachments":[],"parameters":[],"stepsCount":0,"attachmentsCount":0,"shouldDisplayMessage":false,"hasContent":false},{"name":"log_on_failure","time":{"start":1760533485325,"stop":1760533485325,"duration":0},"status":"passed","steps":[],"attachments":[],"parameters":[],"stepsCount":0,"attachmentsCount":0,"shouldDisplayMessage":false,"hasContent":false}],"testStage":{"status":"failed","statusMessage":"AssertionError: Validation failed: Expected Simple Project Manager, got Project Manager Home","statusTrace":"self = <testCases.test_Table.TestHome object at 0x7f17aff3d5d0>\n\n    @allure.title(\"TC001-User able to login into QuickBase application\")\n    def test_login_QuickBase(self):\n>       LoginPage(self.page).login_into_quickbase()\n\ntestCases/test_Table.py:11: \n_ _ _ _ _ _ _ _ _ _ _ _ _ _ _ _ _ _ _ _ _ _ _ _ _ _ _ _ _ _ _ _ _ _ _ _ _ _ _ _ \npageObjects/login_page.py:50: in login_into_quickbase\n    self.validation(self.page.title(), \"Simple Project Manager\")\npageObjects/BasePage.py:82: in validation\n    raise e\n_ _ _ _ _ _ _ _ _ _ _ _ _ _ _ _ _ _ _ _ _ _ _ _ _ _ _ _ _ _ _ _ _ _ _ _ _ _ _ _ \n\nself = <pageObjects.login_page.LoginPage object at 0x7f17aecc9a10>\nactual = 'Project Manager Home', expected = 'Simple Project Manager'\n\n    @allure.step(\"Validate condition\")\n    def validation(self, actual, expected):\n        \"\"\"Generic assertion with Allure log.\"\"\"\n        with allure.step(f\"Validating: expected='{expected}', actual='{actual}'\"):\n            try:\n>               assert expected in actual, f\"Validation failed: Expected {expected}, got {actual}\"\n                       ^^^^^^^^^^^^^^^^^^\nE               AssertionError: Validation failed: Expected Simple Project Manager, got Project Manager Home\n\npageObjects/BasePage.py:80: AssertionError","steps":[{"name":"Login into QuickBase application","time":{"start":1760533485327,"stop":1760533501903,"duration":16576},"status":"failed","statusMessage":"AssertionError: Validation failed: Expected Simple Project Manager, got Project Manager Home\n","statusTrace":"  File \"/opt/hostedtoolcache/Python/3.11.13/x64/lib/python3.11/site-packages/allure_commons/_allure.py\", line 202, in impl\n    return func(*a, **kw)\n           ^^^^^^^^^^^^^^\n  File \"/home/runner/work/quickBase/quickBase/pageObjects/login_page.py\", line 50, in login_into_quickbase\n    self.validation(self.page.title(), \"Simple Project Manager\")\n  File \"/opt/hostedtoolcache/Python/3.11.13/x64/lib/python3.11/site-packages/allure_commons/_allure.py\", line 202, in impl\n    return func(*a, **kw)\n           ^^^^^^^^^^^^^^\n  File \"/home/runner/work/quickBase/quickBase/pageObjects/BasePage.py\", line 82, in validation\n    raise e\n  File \"/home/runner/work/quickBase/quickBase/pageObjects/BasePage.py\", line 80, in validation\n    assert expected in actual, f\"Validation failed: Expected {expected}, got {actual}\"\n           ^^^^^^^^^^^^^^^^^^\n","steps":[{"name":"Navigating to https://team.quickbase.com/nav/app/bvhcuf7ef/action/appoverview/4a037ed7-41fa-4f7b-98e4-19e436c73066","time":{"start":1760533485327,"stop":1760533486864,"duration":1537},"status":"passed","steps":[],"attachments":[],"parameters":[],"stepsCount":0,"attachmentsCount":0,"shouldDisplayMessage":false,"hasContent":false},{"name":"Click on element - Quickbase SSO Signin","time":{"start":1760533486887,"stop":1760533487451,"duration":564},"status":"passed","steps":[],"attachments":[],"parameters":[],"stepsCount":0,"attachmentsCount":0,"shouldDisplayMessage":false,"hasContent":false},{"name":"Type value 'arunagowda984@gmail.com' into Username input field","time":{"start":1760533487451,"stop":1760533487967,"duration":516},"status":"passed","steps":[],"attachments":[],"parameters":[],"stepsCount":0,"attachmentsCount":0,"shouldDisplayMessage":false,"hasContent":false},{"name":"Type value '********' into Password input field","time":{"start":1760533487967,"stop":1760533488480,"duration":513},"status":"passed","steps":[],"attachments":[],"parameters":[],"stepsCount":0,"attachmentsCount":0,"shouldDisplayMessage":false,"hasContent":false},{"name":"Click on element - Sign In Button","time":{"start":1760533488480,"stop":1760533489296,"duration":816},"status":"passed","steps":[],"attachments":[],"parameters":[],"stepsCount":0,"attachmentsCount":0,"shouldDisplayMessage":false,"hasContent":false},{"name":"Type value 'QK67A2' into Verification Code input field","time":{"start":1760533495133,"stop":1760533495660,"duration":527},"status":"passed","steps":[],"attachments":[],"parameters":[],"stepsCount":0,"attachmentsCount":0,"shouldDisplayMessage":false,"hasContent":false},{"name":"Click on element - Sign In Button","time":{"start":1760533495660,"stop":1760533496898,"duration":1238},"status":"passed","steps":[],"attachments":[],"parameters":[],"stepsCount":0,"attachmentsCount":0,"shouldDisplayMessage":false,"hasContent":false},{"name":"Validate condition","time":{"start":1760533501903,"stop":1760533501903,"duration":0},"status":"failed","statusMessage":"AssertionError: Validation failed: Expected Simple Project Manager, got Project Manager Home\n","statusTrace":"  File \"/opt/hostedtoolcache/Python/3.11.13/x64/lib/python3.11/site-packages/allure_commons/_allure.py\", line 202, in impl\n    return func(*a, **kw)\n           ^^^^^^^^^^^^^^\n  File \"/home/runner/work/quickBase/quickBase/pageObjects/BasePage.py\", line 82, in validation\n    raise e\n  File \"/home/runner/work/quickBase/quickBase/pageObjects/BasePage.py\", line 80, in validation\n    assert expected in actual, f\"Validation failed: Expected {expected}, got {actual}\"\n           ^^^^^^^^^^^^^^^^^^\n","steps":[{"name":"Validating: expected='Simple Project Manager', actual='Project Manager Home'","time":{"start":1760533501903,"stop":1760533501903,"duration":0},"status":"failed","statusMessage":"AssertionError: Validation failed: Expected Simple Project Manager, got Project Manager Home\n","statusTrace":"  File \"/home/runner/work/quickBase/quickBase/pageObjects/BasePage.py\", line 82, in validation\n    raise e\n  File \"/home/runner/work/quickBase/quickBase/pageObjects/BasePage.py\", line 80, in validation\n    assert expected in actual, f\"Validation failed: Expected {expected}, got {actual}\"\n           ^^^^^^^^^^^^^^^^^^\n","steps":[],"attachments":[],"parameters":[],"stepsCount":0,"attachmentsCount":0,"shouldDisplayMessage":true,"hasContent":true}],"attachments":[],"parameters":[{"name":"actual","value":"'Project Manager Home'"},{"name":"expected","value":"'Simple Project Manager'"}],"stepsCount":1,"attachmentsCount":0,"shouldDisplayMessage":false,"hasContent":true}],"attachments":[],"parameters":[],"stepsCount":9,"attachmentsCount":0,"shouldDisplayMessage":false,"hasContent":true}],"attachments":[],"parameters":[],"stepsCount":10,"attachmentsCount":0,"shouldDisplayMessage":true,"hasContent":true},"afterStages":[{"name":"log_on_failure::0","time":{"start":1760533501930,"stop":1760533501992,"duration":62},"status":"passed","steps":[],"attachments":[{"uid":"8cc5e7ac5c6b4e90","name":"failed_test","source":"8cc5e7ac5c6b4e90.png","type":"image/png","size":117256}],"parameters":[],"stepsCount":0,"attachmentsCount":1,"shouldDisplayMessage":false,"hasContent":true},{"name":"setup_and_teardown::0","time":{"start":1760533709436,"stop":1760533709490,"duration":54},"status":"passed","steps":[],"attachments":[],"parameters":[],"stepsCount":0,"attachmentsCount":0,"shouldDisplayMessage":false,"hasContent":false}],"labels":[{"name":"parentSuite","value":"testCases"},{"name":"suite","value":"test_Table"},{"name":"subSuite","value":"TestHome"},{"name":"host","value":"runnervmwhb2z"},{"name":"thread","value":"3680-MainThread"},{"name":"framework","value":"pytest"},{"name":"language","value":"cpython3"},{"name":"package","value":"testCases.test_Table"},{"name":"resultFormat","value":"allure2"}],"parameters":[],"links":[],"hidden":false,"retry":false,"extra":{"severity":"normal","retries":[],"categories":[{"name":"Product defects","matchedStatuses":[],"flaky":false}],"tags":[]},"source":"d4687d0cd3d360b6.json","parameterValues":[]}